2025-11-27 03:48:26.236: [INFO] VisibilityChanged: 0
2025-11-27 03:48:26.316: [INFO] RecordSyncInitDuration has_sync_been_enabled: 0 state: 0
2025-11-27 03:48:26.318: [INFO] RecordSyncInitDuration has_sync_been_enabled: 0 state: 0
2025-11-27 03:48:26.320: [INFO] RecordSyncInitDuration has_sync_been_enabled: 0 state: 0
2025-11-27 03:48:26.322: [INFO] RecordSyncInitDuration has_sync_been_enabled: 0 state: 0
2025-11-27 03:48:26.324: [INFO] RecordSyncInitDuration has_sync_been_enabled: 0 state: 0
2025-11-27 03:48:26.328: [INFO] RecordSyncInitDuration has_sync_been_enabled: 0 state: 0
2025-11-27 03:48:26.330: [INFO] RecordSyncInitDuration has_sync_been_enabled: 0 state: 0
2025-11-27 03:48:26.332: [INFO] RecordSyncInitDuration has_sync_been_enabled: 0 state: 0
2025-11-27 03:48:26.334: [INFO] RecordSyncInitDuration has_sync_been_enabled: 0 state: 0
2025-11-27 03:48:26.335: [INFO] RecordSyncInitDuration has_sync_been_enabled: 0 state: 0
2025-11-27 03:48:26.337: [INFO] RecordSyncInitDuration has_sync_been_enabled: 0 state: 0
2025-11-27 03:48:26.353: [INFO] BookmarkNodeAdded, ABU: 0
2025-11-27 03:48:26.353: [INFO] BookmarkNodeAdded, ABU: 0
2025-11-27 03:48:26.353: [INFO] BookmarkNodeAdded, ABU: 0
2025-11-27 03:48:26.353: [INFO] BookmarkModelLoaded, ids_reassigned: 0
2025-11-27 03:48:26.353: [INFO] OnDoneLoading sync enabled: 0
2025-11-27 03:48:26.364: [INFO] RecordSyncInitDuration has_sync_been_enabled: 0 state: 0
2025-11-30 09:01:31.787: [INFO] VisibilityChanged: 0
2025-11-30 09:01:31.850: [INFO] RecordSyncInitDuration has_sync_been_enabled: 0 state: 0
2025-11-30 09:01:31.852: [INFO] RecordSyncInitDuration has_sync_been_enabled: 0 state: 0
2025-11-30 09:01:31.853: [INFO] RecordSyncInitDuration has_sync_been_enabled: 0 state: 0
2025-11-30 09:01:31.854: [INFO] RecordSyncInitDuration has_sync_been_enabled: 0 state: 0
2025-11-30 09:01:31.856: [INFO] RecordSyncInitDuration has_sync_been_enabled: 0 state: 0
2025-11-30 09:01:31.857: [INFO] RecordSyncInitDuration has_sync_been_enabled: 0 state: 0
2025-11-30 09:01:31.858: [INFO] RecordSyncInitDuration has_sync_been_enabled: 0 state: 0
2025-11-30 09:01:31.858: [INFO] RecordSyncInitDuration has_sync_been_enabled: 0 state: 0
2025-11-30 09:01:31.859: [INFO] RecordSyncInitDuration has_sync_been_enabled: 0 state: 0
2025-11-30 09:01:31.860: [INFO] RecordSyncInitDuration has_sync_been_enabled: 0 state: 0
2025-11-30 09:01:31.861: [INFO] RecordSyncInitDuration has_sync_been_enabled: 0 state: 0
2025-11-30 09:01:31.871: [INFO] BookmarkNodeAdded, ABU: 0
2025-11-30 09:01:31.871: [INFO] BookmarkNodeAdded, ABU: 0
2025-11-30 09:01:31.871: [INFO] BookmarkNodeAdded, ABU: 0
2025-11-30 09:01:31.871: [INFO] BookmarkModelLoaded, ids_reassigned: 0
2025-11-30 09:01:31.871: [INFO] OnDoneLoading sync enabled: 0
2025-11-30 09:01:31.874: [INFO] RecordSyncInitDuration has_sync_been_enabled: 0 state: 0
2025-11-30 13:38:24.995: [INFO] VisibilityChanged: 0
2025-11-30 13:38:25.069: [INFO] BookmarkNodeAdded, ABU: 0
2025-11-30 13:38:25.069: [INFO] BookmarkNodeAdded, ABU: 0
2025-11-30 13:38:25.069: [INFO] BookmarkNodeAdded, ABU: 0
2025-11-30 13:38:25.069: [INFO] BookmarkModelLoaded, ids_reassigned: 0
2025-11-30 13:38:25.069: [INFO] OnDoneLoading sync enabled: 0
2025-11-30 13:38:25.070: [INFO] RecordSyncInitDuration has_sync_been_enabled: 0 state: 0
2025-11-30 13:48:46.657: [INFO] VisibilityChanged: 0
2025-11-30 13:48:46.725: [INFO] BookmarkNodeAdded, ABU: 0
2025-11-30 13:48:46.725: [INFO] BookmarkNodeAdded, ABU: 0
2025-11-30 13:48:46.725: [INFO] BookmarkNodeAdded, ABU: 0
2025-11-30 13:48:46.725: [INFO] BookmarkModelLoaded, ids_reassigned: 0
2025-11-30 13:48:46.725: [INFO] OnDoneLoading sync enabled: 0
2025-11-30 13:48:46.728: [INFO] RecordSyncInitDuration has_sync_been_enabled: 0 state: 0
2025-11-30 14:19:39.402: [INFO] VisibilityChanged: 0
2025-11-30 14:19:39.464: [INFO] BookmarkNodeAdded, ABU: 0
2025-11-30 14:19:39.465: [INFO] BookmarkNodeAdded, ABU: 0
2025-11-30 14:19:39.465: [INFO] BookmarkNodeAdded, ABU: 0
2025-11-30 14:19:39.465: [INFO] BookmarkModelLoaded, ids_reassigned: 0
2025-11-30 14:19:39.465: [INFO] OnDoneLoading sync enabled: 0
2025-11-30 14:19:39.467: [INFO] RecordSyncInitDuration has_sync_been_enabled: 0 state: 0
