2025-11-27 03:48:25.991: [INFO][Sync] Reset engine, reason: 8
2025-11-27 03:48:25.991: [INFO][Sync] Stopped: Bookmarks
2025-11-27 03:48:25.991: [INFO][Sync] Stopped: Preferences
2025-11-27 03:48:25.991: [INFO][Sync] Stopped: Passwords
2025-11-27 03:48:25.991: [INFO][Sync] Stopped: Autofill Profiles
2025-11-27 03:48:25.991: [INFO][Sync] Stopped: Autofill
2025-11-27 03:48:25.991: [INFO][Sync] Stopped: Extensions
2025-11-27 03:48:25.991: [INFO][Sync] Stopped: Sessions
2025-11-27 03:48:25.991: [INFO][Sync] Stopped: Extension settings
2025-11-27 03:48:25.991: [INFO][Sync] Stopped: History Delete Directives
2025-11-27 03:48:25.991: [INFO][Sync] Stopped: Device Info
2025-11-27 03:48:25.991: [INFO][Sync] Stopped: User Consents
2025-11-27 03:48:25.991: [INFO][Sync] Stopped: Send Tab To Self
2025-11-27 03:48:25.991: [INFO][Sync] Stopped: Web Apps
2025-11-27 03:48:25.991: [INFO][Sync] Stopped: History
2025-11-27 03:48:25.991: [INFO][Sync] Stopped: Saved Tab Group
2025-11-27 03:48:25.991: [INFO][Sync] Stopped: WebAuthn Credentials
2025-11-27 03:48:25.991: [INFO][Sync] Stopped: Collection
2025-11-27 03:48:25.991: [INFO][Sync] Stopped: Edge E Drop
2025-11-27 03:48:25.991: [INFO][Sync] Stopped: Edge Hub App Usage
2025-11-27 03:48:25.991: [INFO][Sync] Stopped: Edge Wallet
2025-11-27 03:48:25.991: [INFO][Sync] SyncState after authenticated was: NotSignedIn
2025-11-27 03:48:26.361: [INFO][Sync] Reset engine, reason: 8
2025-11-27 03:48:26.361: [INFO][Sync] Stopped: Bookmarks
2025-11-27 03:48:26.361: [INFO][Sync] Stopped: Preferences
2025-11-27 03:48:26.361: [INFO][Sync] Stopped: Passwords
2025-11-27 03:48:26.361: [INFO][Sync] Stopped: Autofill Profiles
2025-11-27 03:48:26.361: [INFO][Sync] Stopped: Autofill
2025-11-27 03:48:26.361: [INFO][Sync] Stopped: Extensions
2025-11-27 03:48:26.361: [INFO][Sync] Stopped: Sessions
2025-11-27 03:48:26.361: [INFO][Sync] Stopped: Extension settings
2025-11-27 03:48:26.362: [INFO][Sync] Stopped: History Delete Directives
2025-11-27 03:48:26.362: [INFO][Sync] Stopped: Device Info
2025-11-27 03:48:26.362: [INFO][Sync] Stopped: User Consents
2025-11-27 03:48:26.362: [INFO][Sync] Stopped: Send Tab To Self
2025-11-27 03:48:26.362: [INFO][Sync] Stopped: Web Apps
2025-11-27 03:48:26.362: [INFO][Sync] Stopped: History
2025-11-27 03:48:26.362: [INFO][Sync] Stopped: Saved Tab Group
2025-11-27 03:48:26.362: [INFO][Sync] Stopped: WebAuthn Credentials
2025-11-27 03:48:26.362: [INFO][Sync] Stopped: Collection
2025-11-27 03:48:26.362: [INFO][Sync] Stopped: Edge E Drop
2025-11-27 03:48:26.362: [INFO][Sync] Stopped: Edge Hub App Usage
2025-11-27 03:48:26.362: [INFO][Sync] Stopped: Edge Wallet
2025-11-27 04:03:17.186: [INFO][Sync] Reset engine, reason: 0
2025-11-30 09:01:31.650: [INFO][Sync] Reset engine, reason: 8
2025-11-30 09:01:31.650: [INFO][Sync] Stopped: Bookmarks
2025-11-30 09:01:31.650: [INFO][Sync] Stopped: Preferences
2025-11-30 09:01:31.650: [INFO][Sync] Stopped: Passwords
2025-11-30 09:01:31.650: [INFO][Sync] Stopped: Autofill Profiles
2025-11-30 09:01:31.650: [INFO][Sync] Stopped: Autofill
2025-11-30 09:01:31.650: [INFO][Sync] Stopped: Extensions
2025-11-30 09:01:31.650: [INFO][Sync] Stopped: Sessions
2025-11-30 09:01:31.650: [INFO][Sync] Stopped: Extension settings
2025-11-30 09:01:31.650: [INFO][Sync] Stopped: History Delete Directives
2025-11-30 09:01:31.650: [INFO][Sync] Stopped: Device Info
2025-11-30 09:01:31.650: [INFO][Sync] Stopped: User Consents
2025-11-30 09:01:31.650: [INFO][Sync] Stopped: Send Tab To Self
2025-11-30 09:01:31.650: [INFO][Sync] Stopped: Web Apps
2025-11-30 09:01:31.650: [INFO][Sync] Stopped: History
2025-11-30 09:01:31.650: [INFO][Sync] Stopped: Saved Tab Group
2025-11-30 09:01:31.650: [INFO][Sync] Stopped: WebAuthn Credentials
2025-11-30 09:01:31.650: [INFO][Sync] Stopped: Collection
2025-11-30 09:01:31.650: [INFO][Sync] Stopped: Edge E Drop
2025-11-30 09:01:31.650: [INFO][Sync] Stopped: Edge Hub App Usage
2025-11-30 09:01:31.650: [INFO][Sync] Stopped: Edge Wallet
2025-11-30 09:01:31.651: [INFO][Sync] SyncState after authenticated was: NotSignedIn
2025-11-30 09:01:31.873: [INFO][Sync] Reset engine, reason: 8
2025-11-30 09:01:31.873: [INFO][Sync] Stopped: Bookmarks
2025-11-30 09:01:31.873: [INFO][Sync] Stopped: Preferences
2025-11-30 09:01:31.873: [INFO][Sync] Stopped: Passwords
2025-11-30 09:01:31.873: [INFO][Sync] Stopped: Autofill Profiles
2025-11-30 09:01:31.873: [INFO][Sync] Stopped: Autofill
2025-11-30 09:01:31.873: [INFO][Sync] Stopped: Extensions
2025-11-30 09:01:31.873: [INFO][Sync] Stopped: Sessions
2025-11-30 09:01:31.873: [INFO][Sync] Stopped: Extension settings
2025-11-30 09:01:31.873: [INFO][Sync] Stopped: History Delete Directives
2025-11-30 09:01:31.873: [INFO][Sync] Stopped: Device Info
2025-11-30 09:01:31.873: [INFO][Sync] Stopped: User Consents
2025-11-30 09:01:31.873: [INFO][Sync] Stopped: Send Tab To Self
2025-11-30 09:01:31.873: [INFO][Sync] Stopped: Web Apps
2025-11-30 09:01:31.873: [INFO][Sync] Stopped: History
2025-11-30 09:01:31.873: [INFO][Sync] Stopped: Saved Tab Group
2025-11-30 09:01:31.873: [INFO][Sync] Stopped: WebAuthn Credentials
2025-11-30 09:01:31.873: [INFO][Sync] Stopped: Collection
2025-11-30 09:01:31.873: [INFO][Sync] Stopped: Edge E Drop
2025-11-30 09:01:31.873: [INFO][Sync] Stopped: Edge Hub App Usage
2025-11-30 09:01:31.873: [INFO][Sync] Stopped: Edge Wallet
2025-11-30 12:20:24.935: [INFO][Sync] Reset engine, reason: 0
2025-11-30 13:38:24.878: [INFO][Sync] Reset engine, reason: 8
2025-11-30 13:38:24.878: [INFO][Sync] Stopped: Bookmarks
2025-11-30 13:38:24.878: [INFO][Sync] Stopped: Preferences
2025-11-30 13:38:24.878: [INFO][Sync] Stopped: Passwords
2025-11-30 13:38:24.878: [INFO][Sync] Stopped: Autofill Profiles
2025-11-30 13:38:24.878: [INFO][Sync] Stopped: Autofill
2025-11-30 13:38:24.878: [INFO][Sync] Stopped: Extensions
2025-11-30 13:38:24.878: [INFO][Sync] Stopped: Sessions
2025-11-30 13:38:24.878: [INFO][Sync] Stopped: Extension settings
2025-11-30 13:38:24.878: [INFO][Sync] Stopped: History Delete Directives
2025-11-30 13:38:24.878: [INFO][Sync] Stopped: Device Info
2025-11-30 13:38:24.878: [INFO][Sync] Stopped: User Consents
2025-11-30 13:38:24.878: [INFO][Sync] Stopped: Send Tab To Self
2025-11-30 13:38:24.878: [INFO][Sync] Stopped: Web Apps
2025-11-30 13:38:24.878: [INFO][Sync] Stopped: History
2025-11-30 13:38:24.878: [INFO][Sync] Stopped: Saved Tab Group
2025-11-30 13:38:24.878: [INFO][Sync] Stopped: WebAuthn Credentials
2025-11-30 13:38:24.878: [INFO][Sync] Stopped: Collection
2025-11-30 13:38:24.878: [INFO][Sync] Stopped: Edge E Drop
2025-11-30 13:38:24.878: [INFO][Sync] Stopped: Edge Hub App Usage
2025-11-30 13:38:24.878: [INFO][Sync] Stopped: Edge Wallet
2025-11-30 13:38:24.878: [INFO][Sync] SyncState after authenticated was: NotSignedIn
2025-11-30 13:38:25.069: [INFO][Sync] Reset engine, reason: 8
2025-11-30 13:38:25.069: [INFO][Sync] Stopped: Bookmarks
2025-11-30 13:38:25.069: [INFO][Sync] Stopped: Preferences
2025-11-30 13:38:25.069: [INFO][Sync] Stopped: Passwords
2025-11-30 13:38:25.069: [INFO][Sync] Stopped: Autofill Profiles
2025-11-30 13:38:25.069: [INFO][Sync] Stopped: Autofill
2025-11-30 13:38:25.069: [INFO][Sync] Stopped: Extensions
2025-11-30 13:38:25.069: [INFO][Sync] Stopped: Sessions
2025-11-30 13:38:25.069: [INFO][Sync] Stopped: Extension settings
2025-11-30 13:38:25.069: [INFO][Sync] Stopped: History Delete Directives
2025-11-30 13:38:25.069: [INFO][Sync] Stopped: Device Info
2025-11-30 13:38:25.069: [INFO][Sync] Stopped: User Consents
2025-11-30 13:38:25.069: [INFO][Sync] Stopped: Send Tab To Self
2025-11-30 13:38:25.069: [INFO][Sync] Stopped: Web Apps
2025-11-30 13:38:25.069: [INFO][Sync] Stopped: History
2025-11-30 13:38:25.069: [INFO][Sync] Stopped: Saved Tab Group
2025-11-30 13:38:25.069: [INFO][Sync] Stopped: WebAuthn Credentials
2025-11-30 13:38:25.069: [INFO][Sync] Stopped: Collection
2025-11-30 13:38:25.069: [INFO][Sync] Stopped: Edge E Drop
2025-11-30 13:38:25.069: [INFO][Sync] Stopped: Edge Hub App Usage
2025-11-30 13:38:25.069: [INFO][Sync] Stopped: Edge Wallet
2025-11-30 13:48:25.270: [INFO][Sync] Reset engine, reason: 0
2025-11-30 13:48:46.516: [INFO][Sync] Reset engine, reason: 8
2025-11-30 13:48:46.516: [INFO][Sync] Stopped: Bookmarks
2025-11-30 13:48:46.516: [INFO][Sync] Stopped: Preferences
2025-11-30 13:48:46.516: [INFO][Sync] Stopped: Passwords
2025-11-30 13:48:46.516: [INFO][Sync] Stopped: Autofill Profiles
2025-11-30 13:48:46.516: [INFO][Sync] Stopped: Autofill
2025-11-30 13:48:46.516: [INFO][Sync] Stopped: Extensions
2025-11-30 13:48:46.516: [INFO][Sync] Stopped: Sessions
2025-11-30 13:48:46.516: [INFO][Sync] Stopped: Extension settings
2025-11-30 13:48:46.516: [INFO][Sync] Stopped: History Delete Directives
2025-11-30 13:48:46.516: [INFO][Sync] Stopped: Device Info
2025-11-30 13:48:46.516: [INFO][Sync] Stopped: User Consents
2025-11-30 13:48:46.516: [INFO][Sync] Stopped: Send Tab To Self
2025-11-30 13:48:46.516: [INFO][Sync] Stopped: Web Apps
2025-11-30 13:48:46.516: [INFO][Sync] Stopped: History
2025-11-30 13:48:46.516: [INFO][Sync] Stopped: Saved Tab Group
2025-11-30 13:48:46.516: [INFO][Sync] Stopped: WebAuthn Credentials
2025-11-30 13:48:46.516: [INFO][Sync] Stopped: Collection
2025-11-30 13:48:46.516: [INFO][Sync] Stopped: Edge E Drop
2025-11-30 13:48:46.516: [INFO][Sync] Stopped: Edge Hub App Usage
2025-11-30 13:48:46.516: [INFO][Sync] Stopped: Edge Wallet
2025-11-30 13:48:46.517: [INFO][Sync] SyncState after authenticated was: NotSignedIn
2025-11-30 13:48:46.727: [INFO][Sync] Reset engine, reason: 8
2025-11-30 13:48:46.727: [INFO][Sync] Stopped: Bookmarks
2025-11-30 13:48:46.727: [INFO][Sync] Stopped: Preferences
2025-11-30 13:48:46.727: [INFO][Sync] Stopped: Passwords
2025-11-30 13:48:46.727: [INFO][Sync] Stopped: Autofill Profiles
2025-11-30 13:48:46.727: [INFO][Sync] Stopped: Autofill
2025-11-30 13:48:46.727: [INFO][Sync] Stopped: Extensions
2025-11-30 13:48:46.727: [INFO][Sync] Stopped: Sessions
2025-11-30 13:48:46.727: [INFO][Sync] Stopped: Extension settings
2025-11-30 13:48:46.727: [INFO][Sync] Stopped: History Delete Directives
2025-11-30 13:48:46.727: [INFO][Sync] Stopped: Device Info
2025-11-30 13:48:46.727: [INFO][Sync] Stopped: User Consents
2025-11-30 13:48:46.727: [INFO][Sync] Stopped: Send Tab To Self
2025-11-30 13:48:46.727: [INFO][Sync] Stopped: Web Apps
2025-11-30 13:48:46.727: [INFO][Sync] Stopped: History
2025-11-30 13:48:46.727: [INFO][Sync] Stopped: Saved Tab Group
2025-11-30 13:48:46.727: [INFO][Sync] Stopped: WebAuthn Credentials
2025-11-30 13:48:46.727: [INFO][Sync] Stopped: Collection
2025-11-30 13:48:46.727: [INFO][Sync] Stopped: Edge E Drop
2025-11-30 13:48:46.727: [INFO][Sync] Stopped: Edge Hub App Usage
2025-11-30 13:48:46.727: [INFO][Sync] Stopped: Edge Wallet
2025-11-30 14:08:23.825: [INFO][Sync] Reset engine, reason: 0
2025-11-30 14:19:39.281: [INFO][Sync] Reset engine, reason: 8
2025-11-30 14:19:39.281: [INFO][Sync] Stopped: Bookmarks
2025-11-30 14:19:39.281: [INFO][Sync] Stopped: Preferences
2025-11-30 14:19:39.281: [INFO][Sync] Stopped: Passwords
2025-11-30 14:19:39.281: [INFO][Sync] Stopped: Autofill Profiles
2025-11-30 14:19:39.281: [INFO][Sync] Stopped: Autofill
2025-11-30 14:19:39.281: [INFO][Sync] Stopped: Extensions
2025-11-30 14:19:39.281: [INFO][Sync] Stopped: Sessions
2025-11-30 14:19:39.281: [INFO][Sync] Stopped: Extension settings
2025-11-30 14:19:39.281: [INFO][Sync] Stopped: History Delete Directives
2025-11-30 14:19:39.281: [INFO][Sync] Stopped: Device Info
2025-11-30 14:19:39.281: [INFO][Sync] Stopped: User Consents
2025-11-30 14:19:39.281: [INFO][Sync] Stopped: Send Tab To Self
2025-11-30 14:19:39.281: [INFO][Sync] Stopped: Web Apps
2025-11-30 14:19:39.281: [INFO][Sync] Stopped: History
2025-11-30 14:19:39.281: [INFO][Sync] Stopped: Saved Tab Group
2025-11-30 14:19:39.281: [INFO][Sync] Stopped: WebAuthn Credentials
2025-11-30 14:19:39.281: [INFO][Sync] Stopped: Collection
2025-11-30 14:19:39.281: [INFO][Sync] Stopped: Edge E Drop
2025-11-30 14:19:39.281: [INFO][Sync] Stopped: Edge Hub App Usage
2025-11-30 14:19:39.281: [INFO][Sync] Stopped: Edge Wallet
2025-11-30 14:19:39.281: [INFO][Sync] SyncState after authenticated was: NotSignedIn
2025-11-30 14:19:39.466: [INFO][Sync] Reset engine, reason: 8
2025-11-30 14:19:39.466: [INFO][Sync] Stopped: Bookmarks
2025-11-30 14:19:39.466: [INFO][Sync] Stopped: Preferences
2025-11-30 14:19:39.467: [INFO][Sync] Stopped: Passwords
2025-11-30 14:19:39.467: [INFO][Sync] Stopped: Autofill Profiles
2025-11-30 14:19:39.467: [INFO][Sync] Stopped: Autofill
2025-11-30 14:19:39.467: [INFO][Sync] Stopped: Extensions
2025-11-30 14:19:39.467: [INFO][Sync] Stopped: Sessions
2025-11-30 14:19:39.467: [INFO][Sync] Stopped: Extension settings
2025-11-30 14:19:39.467: [INFO][Sync] Stopped: History Delete Directives
2025-11-30 14:19:39.467: [INFO][Sync] Stopped: Device Info
2025-11-30 14:19:39.467: [INFO][Sync] Stopped: User Consents
2025-11-30 14:19:39.467: [INFO][Sync] Stopped: Send Tab To Self
2025-11-30 14:19:39.467: [INFO][Sync] Stopped: Web Apps
2025-11-30 14:19:39.467: [INFO][Sync] Stopped: History
2025-11-30 14:19:39.467: [INFO][Sync] Stopped: Saved Tab Group
2025-11-30 14:19:39.467: [INFO][Sync] Stopped: WebAuthn Credentials
2025-11-30 14:19:39.467: [INFO][Sync] Stopped: Collection
2025-11-30 14:19:39.467: [INFO][Sync] Stopped: Edge E Drop
2025-11-30 14:19:39.467: [INFO][Sync] Stopped: Edge Hub App Usage
2025-11-30 14:19:39.467: [INFO][Sync] Stopped: Edge Wallet
2025-11-30 15:10:24.935: [INFO][Sync] Reset engine, reason: 0
